121
2631.678629 2631.678629 2631.678629
2666.993495 2666.993495 2666.993495
2659.429914 2659.429914 2659.429914
2698.508189 2698.508189 2698.508189
2664.611892 2664.611892 2664.611892
2792.565421 2792.565421 2792.565421
2681.314298 2681.314298 2681.314298
2724.240965 2724.240965 2724.240965
2698.508189 2698.508189 2698.508189
2753.996512 2753.996512 2753.996512
2711.38659 2711.38659 2711.38659
2698.451392 2698.451392 2698.451392
2658.181934 2658.181934 2658.181934
2682.084209 2682.084209 2682.084209
2682.160005 2682.160005 2682.160005
2664.611892 2664.611892 2664.611892
2651.035824 2651.035824 2651.035824
2711.38659 2711.38659 2711.38659
2659.429807 2659.429807 2659.429807
2782.928183 2782.928183 2782.928183
2666.020783 2666.020783 2666.020783
2707.043141 2707.043141 2707.043141
2685.446814 2685.446814 2685.446814
2659.206144 2659.206144 2659.206144
2718.971512 2718.971512 2718.971512
2689.131303 2689.131303 2689.131303
2682.430256 2682.430256 2682.430256
2785.762587 2785.762587 2785.762587
2798.821329 2798.821329 2798.821329
2677.819335 2677.819335 2677.819335
2724.240965 2724.240965 2724.240965
2798.821329 2798.821329 2798.821329
2659.429802 2659.429802 2659.429802
2644.824969 2644.824969 2644.824969
2679.16277 2679.16277 2679.16277
2719.845476 2719.845476 2719.845476
2672.911686 2672.911686 2672.911686
2659.429908 2659.429908 2659.429908
2659.206144 2659.206144 2659.206144
2718.971512 2718.971512 2718.971512
2677.818478 2677.818478 2677.818478
2689.131303 2689.131303 2689.131303
2659.429883 2659.429883 2659.429883
2664.022566 2664.022566 2664.022566
2651.989418 2651.989418 2651.989418
2683.96305 2683.96305 2683.96305
2659.429837 2659.429837 2659.429837
2682.084292 2682.084292 2682.084292
2659.429908 2659.429908 2659.429908
2672.357749 2672.357749 2672.357749
2707.043141 2707.043141 2707.043141
2615.797081 2615.797081 2615.797081
2651.036462 2651.036462 2651.036462
2653.894921 2653.894921 2653.894921
2698.451392 2698.451392 2698.451392
2682.939051 2682.939051 2682.939051
2685.446814 2685.446814 2685.446814
2631.678629 2631.678629 2631.678629
2672.357749 2672.357749 2672.357749
2685.440458 2685.440458 2685.440458
2679.399 2679.399 2679.399
2658.181934 2658.181934 2658.181934
2794.98066 2794.98066 2794.98066
2615.797081 2615.797081 2615.797081
2681.314298 2681.314298 2681.314298
2679.161914 2679.161914 2679.161914
2659.429807 2659.429807 2659.429807
2659.429802 2659.429802 2659.429802
2653.894921 2653.894921 2653.894921
2685.440458 2685.440458 2685.440458
2684.418443 2684.418443 2684.418443
2659.429807 2659.429807 2659.429807
2654.247639 2654.247639 2654.247639
2672.911686 2672.911686 2672.911686
2677.819334 2677.819334 2677.819334
2683.825345 2683.825345 2683.825345
2659.429807 2659.429807 2659.429807
2794.98066 2794.98066 2794.98066
2679.161916 2679.161916 2679.161916
2683.555065 2683.555065 2683.555065
2798.821329 2798.821329 2798.821329
2682.430256 2682.430256 2682.430256
2659.429807 2659.429807 2659.429807
2685.115546 2685.115546 2685.115546
2724.242048 2724.242048 2724.242048
2691.694991 2691.694991 2691.694991
2644.824969 2644.824969 2644.824969
2724.242048 2724.242048 2724.242048
2666.020779 2666.020779 2666.020779
2616.063222 2616.063222 2616.063222
2741.188003 2741.188003 2741.188003
2684.418443 2684.418443 2684.418443
2651.035824 2651.035824 2651.035824
2686.266477 2686.266477 2686.266477
2792.565421 2792.565421 2792.565421
2677.81848 2677.81848 2677.81848
2683.157712 2683.157712 2683.157712
2779.188581 2779.188581 2779.188581
2741.188003 2741.188003 2741.188003
2659.429837 2659.429837 2659.429837
2616.063222 2616.063222 2616.063222
2659.429805 2659.429805 2659.429805
2659.429805 2659.429805 2659.429805
2798.821329 2798.821329 2798.821329
2651.989418 2651.989418 2651.989418
2659.429883 2659.429883 2659.429883
2683.555065 2683.555065 2683.555065
2782.928183 2782.928183 2782.928183
2785.762587 2785.762587 2785.762587
2684.977276 2684.977276 2684.977276
2779.188581 2779.188581 2779.188581
2679.16277 2679.16277 2679.16277
2719.845476 2719.845476 2719.845476
2691.694991 2691.694991 2691.694991
2664.022566 2664.022566 2664.022566
2651.036462 2651.036462 2651.036462
2753.996512 2753.996512 2753.996512
2659.429914 2659.429914 2659.429914
2666.993495 2666.993495 2666.993495
2679.398998 2679.398998 2679.398998
2654.247639 2654.247639 2654.247639
